#options: 1920x1080 fps=30/1 timebase=1/30 bitdepth=8 cabac=1 ref=3 deblock=1:0:0 analyse=0x3:0x113 me=hex subme=7 psy=1 psy_rd=1,00:0,00 mixed_ref=1 me_range=16 chroma_me=1 trellis=1 8x8dct=1 cqm=0 deadzone=21,11 fast_pskip=1 chroma_qp_offset=4 threads=34 lookahead_threads=5 sliced_threads=0 nr=0 decimate=1 interlaced=0 bluray_compat=0 constrained_intra=0 bframes=0 weightp=2 keyint=300 keyint_min=30 scenecut=40 intra_refresh=0 rc_lookahead=40 rc=2pass mbtree=1 bitrate=20000 ratetol=1,0 qcomp=0,60 qpmin=0 qpmax=69 qpstep=4 cplxblur=20,0 qblur=0,5 vbv_maxrate=20000 vbv_bufsize=12000 nal_hrd=none filler=0 ip_ratio=1,40 aq=1:1,00
in:0 out:0 type:I dur:2 cpbdur:2 q:18,14 aq:15,57 tex:2869318 mv:128108 misc:6526 imb:8160 pmb:0 smb:0 d:- ref:;
in:1 out:1 type:P dur:2 cpbdur:2 q:22,48 aq:19,81 tex:661982 mv:50979 misc:3655 imb:136 pmb:5149 smb:2875 d:- ref:20596 ;
in:2 out:2 type:P dur:2 cpbdur:2 q:22,49 aq:19,76 tex:513850 mv:64200 misc:2118 imb:481 pmb:6177 smb:1502 d:- ref:1416 4 24 12 w:0,1,1 ;
in:3 out:3 type:P dur:2 cpbdur:2 q:22,98 aq:20,43 tex:462318 mv:68542 misc:3004 imb:402 pmb:6005 smb:1753 d:- ref:1508 20 96 84 ;
in:4 out:4 type:P dur:2 cpbdur:2 q:22,96 aq:20,35 tex:302557 mv:37199 misc:6396 imb:240 pmb:4696 smb:3224 d:- ref:242 0 58 8 ;
in:5 out:5 type:P dur:2 cpbdur:2 q:22,96 aq:20,34 tex:327224 mv:59993 misc:4647 imb:792 pmb:5567 smb:1801 d:- ref:875 0 0 4 29 w:0,1,-1 ;
in:6 out:6 type:P dur:2 cpbdur:2 q:22,12 aq:19,39 tex:470938 mv:44953 misc:5549 imb:578 pmb:4902 smb:2680 d:- ref:378 4 18 4 ;
in:7 out:7 type:P dur:2 cpbdur:2 q:22,11 aq:19,38 tex:464553 mv:52454 misc:4201 imb:121 pmb:5159 smb:2880 d:- ref:772 4 8 4 ;
in:8 out:8 type:P dur:2 cpbdur:2 q:22,42 aq:19,81 tex:481030 mv:64065 misc:3177 imb:44 pmb:5505 smb:2611 d:- ref:863 4 21 8 ;
in:9 out:9 type:P dur:2 cpbdur:2 q:22,79 aq:20,16 tex:443502 mv:65983 misc:3515 imb:51 pmb:5379 smb:2730 d:- ref:1622 8 20 2 ;
in:10 out:10 type:P dur:2 cpbdur:2 q:22,58 aq:20,11 tex:444972 mv:64816 misc:3188 imb:27 pmb:5479 smb:2654 d:- ref:1852 0 26 6 ;
in:11 out:11 type:P dur:2 cpbdur:2 q:22,79 aq:20,22 tex:409912 mv:72232 misc:2952 imb:617 pmb:6011 smb:1532 d:- ref:659 4 0 45 8 w:0,1,-1 ;
in:12 out:12 type:P dur:2 cpbdur:2 q:22,77 aq:20,04 tex:325007 mv:49255 misc:6066 imb:516 pmb:5018 smb:2626 d:- ref:800 16 8 8 ;
in:13 out:13 type:P dur:2 cpbdur:2 q:23,05 aq:20,40 tex:286139 mv:46526 misc:5503 imb:221 pmb:5055 smb:2884 d:- ref:403 0 24 1 ;
in:14 out:14 type:P dur:2 cpbdur:2 q:22,51 aq:19,87 tex:384116 mv:51090 misc:5074 imb:247 pmb:5131 smb:2782 d:- ref:406 8 12 10 ;
in:15 out:15 type:P dur:2 cpbdur:2 q:21,92 aq:19,39 tex:494027 mv:56800 misc:4133 imb:168 pmb:5268 smb:2724 d:- ref:437 4 23 20 ;
in:16 out:16 type:P dur:2 cpbdur:2 q:22,37 aq:20,07 tex:532277 mv:74549 misc:2926 imb:102 pmb:5595 smb:2463 d:- ref:780 8 8 4 ;
in:17 out:17 type:P dur:2 cpbdur:2 q:22,80 aq:20,56 tex:476965 mv:73966 misc:2141 imb:446 pmb:6060 smb:1654 d:- ref:1502 4 0 8 10 w:0,1,1 ;
in:18 out:18 type:P dur:2 cpbdur:2 q:22,67 aq:20,86 tex:389731 mv:61240 misc:5437 imb:262 pmb:5180 smb:2718 d:- ref:645 4 151 12 ;
in:19 out:19 type:P dur:2 cpbdur:2 q:22,71 aq:20,68 tex:447138 mv:69522 misc:4428 imb:331 pmb:5539 smb:2290 d:- ref:784 0 28 128 ;
in:20 out:20 type:P dur:2 cpbdur:2 q:22,65 aq:20,60 tex:477154 mv:72732 misc:4306 imb:324 pmb:5461 smb:2375 d:- ref:2541 0 32 23 ;
in:21 out:21 type:P dur:2 cpbdur:2 q:22,84 aq:20,69 tex:478398 mv:70137 misc:2369 imb:670 pmb:6040 smb:1450 d:- ref:147 4 12 16 9 w:0,1,-1 ;
in:22 out:22 type:P dur:2 cpbdur:2 q:22,77 aq:20,87 tex:395014 mv:55931 misc:5223 imb:571 pmb:5312 smb:2277 d:- ref:561 8 2 61 ;
in:23 out:23 type:P dur:2 cpbdur:2 q:22,86 aq:20,83 tex:431563 mv:68321 misc:1932 imb:274 pmb:5973 smb:1913 d:- ref:1116 4 32 0 ;
in:24 out:24 type:P dur:2 cpbdur:2 q:22,81 aq:20,45 tex:396475 mv:49431 misc:4902 imb:136 pmb:4989 smb:3035 d:- ref:832 4 16 16 ;
in:25 out:25 type:P dur:2 cpbdur:2 q:22,50 aq:19,96 tex:392642 mv:44984 misc:4750 imb:72 pmb:4933 smb:3155 d:- ref:288 0 4 4 ;
in:26 out:26 type:P dur:2 cpbdur:2 q:22,71 aq:20,29 tex:391500 mv:57751 misc:3749 imb:56 pmb:5346 smb:2758 d:- ref:632 4 4 16 ;
in:27 out:27 type:P dur:2 cpbdur:2 q:22,82 aq:20,52 tex:385433 mv:59579 misc:2268 imb:410 pmb:6210 smb:1540 d:- ref:200 4 4 0 0 w:0,1,1 ;
in:28 out:28 type:P dur:2 cpbdur:2 q:22,59 aq:20,29 tex:479936 mv:72704 misc:4368 imb:447 pmb:5767 smb:1946 d:- ref:1088 4 8 4 ;
in:29 out:29 type:P dur:2 cpbdur:2 q:23,12 aq:21,04 tex:313457 mv:53112 misc:3327 imb:537 pmb:5964 smb:1659 d:- ref:228 0 4 4 4 w:0,1,-1 ;
in:30 out:30 type:P dur:2 cpbdur:2 q:22,31 aq:20,11 tex:435182 mv:62552 misc:4538 imb:499 pmb:5521 smb:2140 d:- ref:351 0 9 16 ;
in:31 out:31 type:P dur:2 cpbdur:2 q:22,51 aq:20,14 tex:393321 mv:53413 misc:4858 imb:129 pmb:4969 smb:3062 d:- ref:657 0 31 4 ;
in:32 out:32 type:P dur:2 cpbdur:2 q:22,67 aq:20,54 tex:390875 mv:57265 misc:4292 imb:50 pmb:5128 smb:2982 d:- ref:977 5 6 0 ;
in:33 out:33 type:P dur:2 cpbdur:2 q:22,85 aq:20,66 tex:475196 mv:66687 misc:1621 imb:66 pmb:5847 smb:2247 d:- ref:658 0 13 17 ;
in:34 out:34 type:P dur:2 cpbdur:2 q:22,67 aq:20,48 tex:367114 mv:38313 misc:5189 imb:26 pmb:4494 smb:3640 d:- ref:1110 0 22 0 ;
in:35 out:35 type:P dur:2 cpbdur:2 q:22,12 aq:20,15 tex:559939 mv:66230 misc:1159 imb:28 pmb:5987 smb:2145 d:- ref:904 4 20 4 ;
in:36 out:36 type:P dur:2 cpbdur:2 q:21,96 aq:20,20 tex:378567 mv:33628 misc:5181 imb:10 pmb:4422 smb:3728 d:- ref:519 0 0 5 ;
in:37 out:37 type:P dur:2 cpbdur:2 q:21,90 aq:19,68 tex:460112 mv:48092 misc:4188 imb:25 pmb:5020 smb:3115 d:- ref:559 33 49 11 ;
in:38 out:38 type:P dur:2 cpbdur:2 q:22,16 aq:19,77 tex:421119 mv:55186 misc:4023 imb:22 pmb:5141 smb:2997 d:- ref:547 8 17 4 ;
in:39 out:39 type:P dur:2 cpbdur:2 q:21,62 aq:19,51 tex:673043 mv:76162 misc:2699 imb:100 pmb:5537 smb:2523 d:- ref:1443 28 9 16 ;
in:40 out:40 type:P dur:2 cpbdur:2 q:22,11 aq:19,99 tex:507388 mv:74084 misc:2784 imb:45 pmb:5616 smb:2499 d:- ref:1808 160 98 2 ;
in:41 out:41 type:P dur:2 cpbdur:2 q:22,08 aq:19,71 tex:539716 mv:69923 misc:3281 imb:92 pmb:5540 smb:2528 d:- ref:1066 65 105 92 ;
in:42 out:42 type:P dur:2 cpbdur:2 q:21,94 aq:19,78 tex:513262 mv:70736 misc:3178 imb:83 pmb:5556 smb:2521 d:- ref:1644 88 51 37 ;
in:43 out:43 type:P dur:2 cpbdur:2 q:22,04 aq:19,63 tex:544895 mv:71349 misc:3484 imb:101 pmb:5375 smb:2684 d:- ref:1219 60 24 17 ;
in:44 out:44 type:P dur:2 cpbdur:2 q:21,58 aq:19,21 tex:481389 mv:54558 misc:3709 imb:13 pmb:5219 smb:2928 d:- ref:360 12 32 4 ;
in:45 out:45 type:P dur:2 cpbdur:2 q:21,99 aq:19,94 tex:498916 mv:68965 misc:3079 imb:86 pmb:5581 smb:2493 d:- ref:1311 8 28 57 ;
in:46 out:46 type:P dur:2 cpbdur:2 q:21,54 aq:19,41 tex:522997 mv:69623 misc:2860 imb:85 pmb:5651 smb:2424 d:- ref:1516 4 32 0 ;
in:47 out:47 type:P dur:2 cpbdur:2 q:21,90 aq:19,76 tex:646710 mv:82080 misc:1330 imb:104 pmb:5866 smb:2190 d:- ref:1946 0 102 40 ;
in:48 out:48 type:P dur:2 cpbdur:2 q:22,02 aq:20,12 tex:482067 mv:56581 misc:3648 imb:27 pmb:5349 smb:2784 d:- ref:875 10 147 8 ;
in:49 out:49 type:P dur:2 cpbdur:2 q:22,04 aq:20,16 tex:473763 mv:65951 misc:1150 imb:29 pmb:5986 smb:2145 d:- ref:682 24 46 88 ;
in:50 out:50 type:P dur:2 cpbdur:2 q:21,95 aq:19,81 tex:402919 mv:45112 misc:4809 imb:35 pmb:4850 smb:3275 d:- ref:352 4 24 4 ;
in:51 out:51 type:P dur:2 cpbdur:2 q:21,58 aq:19,52 tex:486472 mv:54037 misc:3763 imb:52 pmb:5354 smb:2754 d:- ref:764 8 68 12 ;
in:52 out:52 type:P dur:2 cpbdur:2 q:21,91 aq:19,84 tex:610997 mv:76355 misc:2952 imb:118 pmb:5617 smb:2425 d:- ref:1826 8 58 4 ;
in:53 out:53 type:P dur:2 cpbdur:2 q:21,76 aq:20,10 tex:483409 mv:74054 misc:2481 imb:377 pmb:6084 smb:1699 d:- ref:973 0 8 46 5 w:0,1,-1 ;
in:54 out:54 type:P dur:2 cpbdur:2 q:21,94 aq:19,73 tex:428635 mv:58942 misc:4943 imb:622 pmb:5541 smb:1997 d:- ref:1164 4 12 64 ;
in:55 out:55 type:P dur:2 cpbdur:2 q:21,22 aq:18,90 tex:572160 mv:63824 misc:4488 imb:510 pmb:5520 smb:2130 d:- ref:572 0 24 0 ;
in:56 out:56 type:P dur:2 cpbdur:2 q:21,58 aq:19,42 tex:446639 mv:61830 misc:2795 imb:1215 pmb:6042 smb:903 d:- ref:556 0 4 4 0 w:0,1,-1 ;
in:57 out:57 type:P dur:2 cpbdur:2 q:21,72 aq:19,40 tex:540642 mv:63475 misc:5019 imb:730 pmb:5392 smb:2038 d:- ref:1936 0 45 15 ;
in:58 out:58 type:P dur:2 cpbdur:2 q:21,63 aq:19,38 tex:522701 mv:71449 misc:2610 imb:863 pmb:6275 smb:1022 d:- ref:431 0 4 29 20 w:0,1,1 ;
in:59 out:59 type:P dur:2 cpbdur:2 q:21,32 aq:19,08 tex:603165 mv:69001 misc:4282 imb:620 pmb:5610 smb:1930 d:- ref:693 8 60 19 ;
in:60 out:60 type:P dur:2 cpbdur:2 q:21,52 aq:19,33 tex:527176 mv:72130 misc:3030 imb:1142 pmb:6041 smb:977 d:- ref:905 0 4 11 8 w:0,1,-1 ;
in:61 out:61 type:P dur:2 cpbdur:2 q:21,47 aq:19,01 tex:655961 mv:74772 misc:3891 imb:593 pmb:5602 smb:1965 d:- ref:1030 4 46 4 ;
in:62 out:62 type:P dur:2 cpbdur:2 q:21,58 aq:19,19 tex:573686 mv:67766 misc:3116 imb:113 pmb:5600 smb:2447 d:- ref:1193 0 54 1 ;
in:63 out:63 type:P dur:2 cpbdur:2 q:21,78 aq:19,53 tex:516307 mv:67942 misc:3095 imb:40 pmb:5543 smb:2577 d:- ref:1276 8 12 4 ;
in:64 out:64 type:P dur:2 cpbdur:2 q:21,62 aq:19,67 tex:514741 mv:63969 misc:3554 imb:52 pmb:5341 smb:2767 d:- ref:1138 4 42 16 ;
in:65 out:65 type:P dur:2 cpbdur:2 q:21,48 aq:19,67 tex:499955 mv:65499 misc:2938 imb:33 pmb:5597 smb:2530 d:- ref:1172 4 26 18 ;
in:66 out:66 type:P dur:2 cpbdur:2 q:21,83 aq:20,12 tex:525300 mv:68807 misc:3349 imb:61 pmb:5394 smb:2705 d:- ref:1606 4 32 38 ;
in:67 out:67 type:P dur:2 cpbdur:2 q:21,64 aq:20,11 tex:441548 mv:65919 misc:2501 imb:456 pmb:6035 smb:1669 d:- ref:653 4 37 14 24 w:0,1,-1 ;
in:68 out:68 type:P dur:2 cpbdur:2 q:21,44 aq:19,29 tex:560914 mv:73335 misc:4015 imb:620 pmb:5815 smb:1725 d:- ref:491 8 41 16 ;
in:69 out:69 type:P dur:2 cpbdur:2 q:21,44 aq:19,24 tex:555792 mv:65594 misc:4390 imb:405 pmb:5571 smb:2184 d:- ref:920 0 4 0 ;
in:70 out:70 type:P dur:2 cpbdur:2 q:21,50 aq:19,48 tex:588998 mv:78982 misc:3388 imb:273 pmb:5707 smb:2180 d:- ref:764 12 8 8 ;
in:71 out:71 type:P dur:2 cpbdur:2 q:21,24 aq:19,21 tex:586539 mv:70304 misc:3421 imb:197 pmb:5687 smb:2276 d:- ref:2018 136 34 12 ;
in:72 out:72 type:P dur:2 cpbdur:2 q:21,65 aq:19,75 tex:707185 mv:85527 misc:1728 imb:242 pmb:5894 smb:2024 d:- ref:1641 28 51 16 ;
in:73 out:73 type:P dur:2 cpbdur:2 q:21,45 aq:19,54 tex:567848 mv:80094 misc:1314 imb:90 pmb:6042 smb:2028 d:- ref:893 12 91 16 ;
in:74 out:74 type:P dur:2 cpbdur:2 q:21,21 aq:19,45 tex:646135 mv:79926 misc:2707 imb:101 pmb:5584 smb:2475 d:- ref:1940 56 90 34 ;
in:75 out:75 type:P dur:2 cpbdur:2 q:21,39 aq:19,42 tex:564208 mv:72635 misc:2709 imb:772 pmb:6031 smb:1357 d:- ref:867 17 8 12 0 w:0,1,-1 ;
in:76 out:76 type:P dur:2 cpbdur:2 q:21,55 aq:19,59 tex:592890 mv:79895 misc:2431 imb:806 pmb:6029 smb:1325 d:- ref:1506 28 20 14 16 w:0,1,1 ;
in:77 out:77 type:P dur:2 cpbdur:2 q:21,43 aq:19,45 tex:609470 mv:83253 misc:2741 imb:631 pmb:6018 smb:1511 d:- ref:1786 33 12 20 13 w:0,1,-1 ;
in:78 out:78 type:P dur:2 cpbdur:2 q:21,72 aq:19,58 tex:615799 mv:80311 misc:4034 imb:649 pmb:5668 smb:1843 d:- ref:2398 12 139 19 ;
in:79 out:79 type:P dur:2 cpbdur:2 q:21,32 aq:19,64 tex:650634 mv:81300 misc:3922 imb:512 pmb:5552 smb:2096 d:- ref:1599 12 473 80 ;
in:80 out:80 type:P dur:2 cpbdur:2 q:21,34 aq:19,17 tex:712165 mv:84635 misc:2848 imb:347 pmb:5755 smb:2058 d:- ref:2210 0 185 49 ;
in:81 out:81 type:P dur:2 cpbdur:2 q:21,57 aq:19,61 tex:657635 mv:85049 misc:1228 imb:2248 pmb:5807 smb:105 d:- ref:2051 12 91 108 138 w:7,127,0 ;
in:82 out:82 type:P dur:2 cpbdur:2 q:21,29 aq:19,49 tex:658602 mv:74305 misc:3045 imb:157 pmb:5468 smb:2535 d:- ref:2320 8 273 59 ;
in:83 out:83 type:P dur:2 cpbdur:2 q:21,55 aq:19,53 tex:677604 mv:84833 misc:2459 imb:365 pmb:5443 smb:2352 d:- ref:1377 4 133 174 ;
in:84 out:84 type:P dur:2 cpbdur:2 q:21,32 aq:19,67 tex:717464 mv:87603 misc:2453 imb:443 pmb:5380 smb:2337 d:- ref:1689 8 434 77 ;
in:85 out:85 type:P dur:2 cpbdur:2 q:21,35 aq:19,90 tex:676418 mv:79798 misc:2704 imb:247 pmb:5434 smb:2479 d:- ref:1679 4 232 113 ;
in:86 out:86 type:P dur:2 cpbdur:2 q:21,35 aq:19,55 tex:719173 mv:82303 misc:2444 imb:171 pmb:5599 smb:2390 d:- ref:2004 17 243 80 ;
in:87 out:87 type:P dur:2 cpbdur:2 q:21,35 aq:19,52 tex:653244 mv:77818 misc:2562 imb:89 pmb:5669 smb:2402 d:- ref:1653 5 65 25 ;
in:88 out:88 type:P dur:2 cpbdur:2 q:21,19 aq:19,82 tex:735809 mv:75563 misc:1172 imb:178 pmb:5938 smb:2044 d:- ref:2257 8 93 82 ;
in:89 out:89 type:P dur:2 cpbdur:2 q:21,13 aq:19,60 tex:732412 mv:71127 misc:2773 imb:186 pmb:5460 smb:2514 d:- ref:1585 8 418 109 ;
in:90 out:90 type:P dur:2 cpbdur:2 q:21,13 aq:19,70 tex:691253 mv:69843 misc:1216 imb:68 pmb:5863 smb:2229 d:- ref:1245 0 142 37 ;
in:91 out:91 type:P dur:2 cpbdur:2 q:21,46 aq:19,46 tex:729125 mv:80072 misc:2619 imb:174 pmb:5494 smb:2492 d:- ref:2345 4 69 18 ;
in:92 out:92 type:P dur:2 cpbdur:2 q:21,05 aq:19,60 tex:775749 mv:84610 misc:1081 imb:292 pmb:5760 smb:2108 d:- ref:1604 16 516 36 ;
in:93 out:93 type:P dur:2 cpbdur:2 q:21,32 aq:19,28 tex:779741 mv:83081 misc:1178 imb:375 pmb:5678 smb:2107 d:- ref:1810 16 275 59 ;
in:94 out:94 type:P dur:2 cpbdur:2 q:21,41 aq:19,57 tex:666937 mv:75337 misc:2478 imb:697 pmb:5895 smb:1568 d:- ref:1414 12 44 31 71 w:0,1,-1 ;
in:95 out:95 type:P dur:2 cpbdur:2 q:22,04 aq:19,96 tex:677810 mv:92867 misc:2627 imb:1147 pmb:5610 smb:1403 d:- ref:1724 4 316 308 ;
in:96 out:96 type:P dur:2 cpbdur:2 q:21,66 aq:19,56 tex:679915 mv:72322 misc:3803 imb:721 pmb:5377 smb:2062 d:- ref:1732 20 376 92 ;
in:97 out:97 type:P dur:2 cpbdur:2 q:22,05 aq:19,94 tex:696784 mv:88401 misc:1767 imb:657 pmb:5567 smb:1936 d:- ref:1547 8 426 211 ;
in:98 out:98 type:P dur:2 cpbdur:2 q:23,27 aq:21,39 tex:495739 mv:76822 misc:1639 imb:284 pmb:5853 smb:2023 d:- ref:2281 0 417 94 ;
in:99 out:99 type:P dur:2 cpbdur:2 q:22,20 aq:20,40 tex:572871 mv:68029 misc:3284 imb:159 pmb:5558 smb:2443 d:- ref:1632 4 112 128 ;
in:100 out:100 type:P dur:2 cpbdur:2 q:21,65 aq:19,32 tex:568599 mv:57215 misc:3458 imb:42 pmb:5241 smb:2877 d:- ref:1543 0 36 5 ;
in:101 out:101 type:P dur:2 cpbdur:2 q:22,26 aq:20,15 tex:470476 mv:70339 misc:2673 imb:23 pmb:5492 smb:2645 d:- ref:872 0 28 24 ;
in:102 out:102 type:P dur:2 cpbdur:2 q:23,17 aq:21,01 tex:535952 mv:77970 misc:1694 imb:125 pmb:5661 smb:2374 d:- ref:1270 28 73 25 ;
in:103 out:103 type:P dur:2 cpbdur:2 q:21,74 aq:19,34 tex:547654 mv:49595 misc:3591 imb:49 pmb:5207 smb:2904 d:- ref:642 4 12 2 ;
in:104 out:104 type:P dur:2 cpbdur:2 q:21,45 aq:19,54 tex:561667 mv:66622 misc:1183 imb:33 pmb:5873 smb:2254 d:- ref:331 8 41 0 ;
in:105 out:105 type:P dur:2 cpbdur:2 q:21,36 aq:19,31 tex:589212 mv:54213 misc:3543 imb:46 pmb:5126 smb:2988 d:- ref:1130 60 73 17 ;
in:106 out:106 type:P dur:2 cpbdur:2 q:20,98 aq:18,98 tex:688252 mv:71822 misc:2270 imb:48 pmb:5605 smb:2507 d:- ref:1003 4 5 0 ;
in:107 out:107 type:P dur:2 cpbdur:2 q:20,99 aq:18,65 tex:584199 mv:65449 misc:3200 imb:35 pmb:5274 smb:2851 d:- ref:769 4 35 4 ;
in:108 out:108 type:P dur:2 cpbdur:2 q:21,20 aq:19,34 tex:636446 mv:77397 misc:1285 imb:86 pmb:5779 smb:2295 d:- ref:1191 44 69 28 ;
in:109 out:109 type:P dur:2 cpbdur:2 q:20,94 aq:18,95 tex:590013 mv:69294 misc:1181 imb:45 pmb:5913 smb:2202 d:- ref:1024 96 36 16 ;
in:110 out:110 type:P dur:2 cpbdur:2 q:21,19 aq:19,15 tex:555496 mv:73615 misc:1217 imb:2151 pmb:5905 smb:104 d:- ref:749 4 4 10 9 w:7,127,0 ;
in:111 out:111 type:P dur:2 cpbdur:2 q:21,22 aq:19,01 tex:583517 mv:57433 misc:3426 imb:63 pmb:5322 smb:2775 d:- ref:640 16 47 21 ;
in:112 out:112 type:P dur:2 cpbdur:2 q:21,10 aq:18,66 tex:535912 mv:62054 misc:3146 imb:16 pmb:5346 smb:2798 d:- ref:552 4 28 4 ;
in:113 out:113 type:P dur:2 cpbdur:2 q:21,05 aq:18,87 tex:574069 mv:70319 misc:2548 imb:41 pmb:5630 smb:2489 d:- ref:932 8 44 16 ;
in:114 out:114 type:P dur:2 cpbdur:2 q:21,44 aq:19,57 tex:684984 mv:77237 misc:1459 imb:115 pmb:5779 smb:2266 d:- ref:2094 0 38 28 ;
in:115 out:115 type:P dur:2 cpbdur:2 q:21,26 aq:19,27 tex:719855 mv:91467 misc:2622 imb:560 pmb:5852 smb:1748 d:- ref:1952 0 0 24 8 w:0,1,-1 ;
in:116 out:116 type:P dur:2 cpbdur:2 q:21,12 aq:19,01 tex:661152 mv:69503 misc:4313 imb:696 pmb:5451 smb:2013 d:- ref:1788 8 80 4 ;
in:117 out:117 type:P dur:2 cpbdur:2 q:21,09 aq:18,70 tex:572782 mv:58668 misc:4502 imb:431 pmb:5345 smb:2384 d:- ref:853 12 75 16 ;
in:118 out:118 type:P dur:2 cpbdur:2 q:21,35 aq:19,12 tex:661699 mv:86518 misc:2879 imb:1268 pmb:5879 smb:1013 d:- ref:2324 8 22 4 38 w:0,1,-1 ;
in:119 out:119 type:P dur:2 cpbdur:2 q:21,25 aq:19,20 tex:608961 mv:77995 misc:4292 imb:853 pmb:5515 smb:1792 d:- ref:2793 12 166 5 ;
in:120 out:120 type:P dur:2 cpbdur:2 q:21,50 aq:19,39 tex:733633 mv:84336 misc:2159 imb:346 pmb:5743 smb:2071 d:- ref:1859 0 163 46 ;
in:121 out:121 type:P dur:2 cpbdur:2 q:21,66 aq:19,63 tex:716850 mv:63780 misc:2834 imb:137 pmb:5406 smb:2617 d:- ref:2347 0 52 77 ;
in:122 out:122 type:P dur:2 cpbdur:2 q:21,52 aq:19,49 tex:615210 mv:79505 misc:1173 imb:126 pmb:5863 smb:2171 d:- ref:1928 8 50 38 ;
in:123 out:123 type:P dur:2 cpbdur:2 q:21,60 aq:19,45 tex:657520 mv:73786 misc:2990 imb:223 pmb:5343 smb:2594 d:- ref:1899 0 214 167 ;
in:124 out:124 type:P dur:2 cpbdur:2 q:21,50 aq:19,20 tex:650815 mv:75742 misc:2731 imb:607 pmb:5792 smb:1761 d:- ref:1875 12 20 49 36 w:0,1,-1 ;
in:125 out:125 type:P dur:2 cpbdur:2 q:21,46 aq:19,36 tex:570394 mv:72937 misc:3941 imb:617 pmb:5621 smb:1922 d:- ref:1277 0 104 7 ;
in:126 out:126 type:P dur:2 cpbdur:2 q:21,63 aq:19,54 tex:654036 mv:80895 misc:2405 imb:1135 pmb:5846 smb:1179 d:- ref:1556 8 24 28 624 w:0,1,1 ;
in:127 out:127 type:P dur:2 cpbdur:2 q:21,92 aq:19,83 tex:664226 mv:78694 misc:2000 imb:327 pmb:5718 smb:2115 d:- ref:1916 0 109 27 ;
in:128 out:128 type:P dur:2 cpbdur:2 q:21,38 aq:19,33 tex:630313 mv:64114 misc:2757 imb:48 pmb:5514 smb:2598 d:- ref:1039 12 81 56 ;
in:129 out:129 type:P dur:2 cpbdur:2 q:21,62 aq:19,33 tex:609186 mv:84368 misc:2470 imb:519 pmb:5913 smb:1728 d:- ref:1631 8 16 0 249 w:0,1,-1 ;
in:130 out:130 type:P dur:2 cpbdur:2 q:21,72 aq:19,64 tex:635975 mv:67204 misc:4837 imb:711 pmb:5326 smb:2123 d:- ref:1607 12 113 44 ;
in:131 out:131 type:P dur:2 cpbdur:2 q:21,66 aq:19,39 tex:595490 mv:71809 misc:3589 imb:439 pmb:5629 smb:2092 d:- ref:933 4 66 61 ;
in:132 out:132 type:P dur:2 cpbdur:2 q:21,42 aq:19,57 tex:633829 mv:75625 misc:3506 imb:301 pmb:5529 smb:2330 d:- ref:1591 12 71 98 ;
in:133 out:133 type:P dur:2 cpbdur:2 q:21,60 aq:19,68 tex:584149 mv:68397 misc:3830 imb:216 pmb:5322 smb:2622 d:- ref:1396 4 21 11 ;
in:134 out:134 type:P dur:2 cpbdur:2 q:21,22 aq:19,64 tex:553973 mv:72630 misc:3469 imb:224 pmb:5507 smb:2429 d:- ref:1246 16 62 12 ;
in:135 out:135 type:P dur:2 cpbdur:2 q:21,86 aq:19,68 tex:663555 mv:77738 misc:1515 imb:200 pmb:5739 smb:2221 d:- ref:1589 10 65 32 ;
in:136 out:136 type:P dur:2 cpbdur:2 q:21,67 aq:19,19 tex:579182 mv:50109 misc:3429 imb:64 pmb:5312 smb:2784 d:- ref:1477 4 47 12 ;
in:137 out:137 type:P dur:2 cpbdur:2 q:21,42 aq:19,09 tex:656649 mv:78577 misc:2294 imb:997 pmb:6083 smb:1080 d:- ref:1073 6 4 12 49 w:0,1,1 ;
in:138 out:138 type:P dur:2 cpbdur:2 q:21,64 aq:19,34 tex:581093 mv:60689 misc:4938 imb:502 pmb:5323 smb:2335 d:- ref:632 0 12 44 ;
in:139 out:139 type:P dur:2 cpbdur:2 q:22,29 aq:20,13 tex:569700 mv:82943 misc:3333 imb:626 pmb:5874 smb:1660 d:- ref:1638 49 89 32 48 w:0,1,-1 ;
in:140 out:140 type:P dur:2 cpbdur:2 q:21,71 aq:19,51 tex:536825 mv:75564 misc:4395 imb:812 pmb:5493 smb:1855 d:- ref:946 20 134 4 ;
in:141 out:141 type:P dur:2 cpbdur:2 q:21,41 aq:19,21 tex:642375 mv:77605 misc:2932 imb:265 pmb:5616 smb:2279 d:- ref:1660 8 71 33 ;
in:142 out:142 type:P dur:2 cpbdur:2 q:22,40 aq:20,18 tex:544645 mv:71979 misc:1600 imb:108 pmb:5747 smb:2305 d:- ref:773 4 114 5 ;
in:143 out:143 type:P dur:2 cpbdur:2 q:21,79 aq:19,67 tex:585499 mv:64283 misc:2114 imb:372 pmb:5995 smb:1793 d:- ref:1158 48 222 39 269 w:0,1,-1 ;
in:144 out:144 type:P dur:2 cpbdur:2 q:21,05 aq:18,87 tex:663204 mv:72166 misc:2598 imb:1064 pmb:5908 smb:1188 d:- ref:821 12 59 12 ;
in:145 out:145 type:P dur:2 cpbdur:2 q:23,50 aq:21,09 tex:386922 mv:52690 misc:5652 imb:272 pmb:4845 smb:3043 d:- ref:867 28 54 51 ;
in:146 out:146 type:P dur:2 cpbdur:2 q:21,58 aq:19,00 tex:596557 mv:63768 misc:3835 imb:290 pmb:5358 smb:2512 d:- ref:1683 4 44 17 ;
in:147 out:147 type:P dur:2 cpbdur:2 q:21,21 aq:18,78 tex:588772 mv:72725 misc:2631 imb:1202 pmb:5942 smb:1016 d:- ref:654 12 4 12 34 w:0,1,-1 ;
in:148 out:148 type:P dur:2 cpbdur:2 q:21,07 aq:18,63 tex:550972 mv:58343 misc:4981 imb:709 pmb:5288 smb:2163 d:- ref:1223 16 44 25 ;
in:149 out:149 type:P dur:2 cpbdur:2 q:21,16 aq:18,65 tex:732866 mv:78615 misc:1895 imb:335 pmb:5785 smb:2040 d:- ref:994 8 61 33 ;
in:150 out:150 type:P dur:2 cpbdur:2 q:21,30 aq:18,71 tex:508745 mv:49399 misc:3264 imb:882 pmb:6022 smb:1256 d:- ref:774 0 8 0 14 w:0,1,1 ;
in:151 out:151 type:P dur:2 cpbdur:2 q:20,66 aq:18,14 tex:662738 mv:59999 misc:4175 imb:548 pmb:5628 smb:1984 d:- ref:1003 0 13 0 ;
in:152 out:152 type:P dur:2 cpbdur:2 q:21,13 aq:18,85 tex:675882 mv:66391 misc:3127 imb:1445 pmb:5764 smb:951 d:- ref:1115 8 5 4 28 w:0,1,-1 ;
in:153 out:153 type:P dur:2 cpbdur:2 q:21,07 aq:18,50 tex:660233 mv:52206 misc:4353 imb:441 pmb:5249 smb:2470 d:- ref:1197 0 23 4 ;
in:154 out:154 type:P dur:2 cpbdur:2 q:21,15 aq:18,65 tex:556942 mv:59954 misc:2440 imb:964 pmb:6151 smb:1045 d:- ref:906 0 14 8 40 w:0,1,1 ;
in:155 out:155 type:P dur:2 cpbdur:2 q:21,29 aq:18,82 tex:647939 mv:73600 misc:3869 imb:655 pmb:5689 smb:1816 d:- ref:1686 4 38 56 ;
in:156 out:156 type:P dur:2 cpbdur:2 q:21,19 aq:18,99 tex:580835 mv:69800 misc:2997 imb:1178 pmb:5945 smb:1037 d:- ref:1040 0 4 4 20 w:0,1,-1 ;
in:157 out:157 type:P dur:2 cpbdur:2 q:21,27 aq:19,23 tex:647189 mv:79765 misc:2502 imb:646 pmb:5833 smb:1681 d:- ref:879 0 99 22 ;
in:158 out:158 type:P dur:2 cpbdur:2 q:21,22 aq:19,09 tex:561202 mv:45874 misc:4108 imb:99 pmb:5023 smb:3038 d:- ref:2051 4 33 40 ;
in:159 out:159 type:P dur:2 cpbdur:2 q:21,09 aq:19,09 tex:585669 mv:65971 misc:1144 imb:45 pmb:5881 smb:2234 d:- ref:694 4 86 4 ;
in:160 out:160 type:P dur:2 cpbdur:2 q:21,01 aq:18,67 tex:705252 mv:54181 misc:3231 imb:77 pmb:5098 smb:2985 d:- ref:957 0 34 61 ;
in:161 out:161 type:P dur:2 cpbdur:2 q:20,90 aq:18,23 tex:611748 mv:49415 misc:3533 imb:23 pmb:5122 smb:3015 d:- ref:688 0 20 16 ;
in:162 out:162 type:P dur:2 cpbdur:2 q:21,12 aq:18,68 tex:569948 mv:61457 misc:2979 imb:27 pmb:5354 smb:2779 d:- ref:930 4 62 36 ;
in:163 out:163 type:P dur:2 cpbdur:2 q:21,27 aq:18,98 tex:494952 mv:52516 misc:3940 imb:23 pmb:4999 smb:3138 d:- ref:656 4 34 18 ;
in:164 out:164 type:P dur:2 cpbdur:2 q:21,00 aq:18,54 tex:590758 mv:55997 misc:3565 imb:37 pmb:5190 smb:2933 d:- ref:898 4 70 32 ;
in:165 out:165 type:P dur:2 cpbdur:2 q:21,10 aq:18,95 tex:622174 mv:75875 misc:1255 imb:79 pmb:5818 smb:2263 d:- ref:846 4 90 24 ;
in:166 out:166 type:P dur:2 cpbdur:2 q:21,34 aq:18,80 tex:517418 mv:64254 misc:1208 imb:28 pmb:5874 smb:2258 d:- ref:1148 0 44 24 ;
in:167 out:167 type:P dur:2 cpbdur:2 q:20,97 aq:18,52 tex:571581 mv:56553 misc:3466 imb:33 pmb:5218 smb:2909 d:- ref:1206 4 90 40 ;
in:168 out:168 type:P dur:2 cpbdur:2 q:20,97 aq:18,67 tex:537082 mv:52316 misc:3746 imb:32 pmb:5102 smb:3026 d:- ref:955 16 93 24 ;
in:169 out:169 type:P dur:2 cpbdur:2 q:21,25 aq:18,63 tex:471301 mv:52367 misc:3652 imb:17 pmb:5176 smb:2967 d:- ref:423 0 61 20 ;
in:170 out:170 type:P dur:2 cpbdur:2 q:20,74 aq:18,37 tex:586464 mv:58138 misc:3278 imb:54 pmb:5236 smb:2870 d:- ref:1090 4 62 20 ;
in:171 out:171 type:P dur:2 cpbdur:2 q:20,77 aq:18,40 tex:537164 mv:57903 misc:3389 imb:23 pmb:5187 smb:2950 d:- ref:456 4 32 0 ;
in:172 out:172 type:P dur:2 cpbdur:2 q:21,12 aq:18,72 tex:705346 mv:74054 misc:1280 imb:88 pmb:5803 smb:2269 d:- ref:743 12 64 29 ;
in:173 out:173 type:P dur:2 cpbdur:2 q:20,80 aq:18,61 tex:578425 mv:62376 misc:1199 imb:39 pmb:5874 smb:2247 d:- ref:1453 36 30 29 ;
in:174 out:174 type:P dur:2 cpbdur:2 q:20,90 aq:18,53 tex:553586 mv:54829 misc:3377 imb:40 pmb:5220 smb:2900 d:- ref:621 4 17 6 ;
in:175 out:175 type:P dur:2 cpbdur:2 q:20,80 aq:18,24 tex:547034 mv:47324 misc:3674 imb:25 pmb:5063 smb:3072 d:- ref:764 14 30 8 ;
in:176 out:176 type:P dur:2 cpbdur:2 q:20,75 aq:18,43 tex:556863 mv:60846 misc:3195 imb:43 pmb:5258 smb:2859 d:- ref:944 60 72 40 ;
in:177 out:177 type:P dur:2 cpbdur:2 q:20,82 aq:18,20 tex:584868 mv:58993 misc:3211 imb:29 pmb:5230 smb:2901 d:- ref:1005 20 51 8 ;
in:178 out:178 type:P dur:2 cpbdur:2 q:20,83 aq:18,38 tex:480454 mv:54452 misc:3622 imb:23 pmb:5094 smb:3043 d:- ref:1091 74 102 9 ;
in:179 out:179 type:P dur:2 cpbdur:2 q:21,04 aq:18,67 tex:628875 mv:74009 misc:1252 imb:71 pmb:5826 smb:2263 d:- ref:908 8 31 17 ;
in:180 out:180 type:P dur:2 cpbdur:2 q:20,94 aq:18,62 tex:510121 mv:44107 misc:4044 imb:37 pmb:4901 smb:3222 d:- ref:895 0 72 21 ;
in:181 out:181 type:P dur:2 cpbdur:2 q:20,81 aq:18,72 tex:538408 mv:53958 misc:1178 imb:37 pmb:5871 smb:2252 d:- ref:663 4 88 37 ;
in:182 out:182 type:P dur:2 cpbdur:2 q:20,75 aq:18,23 tex:572342 mv:43406 misc:4004 imb:28 pmb:4901 smb:3231 d:- ref:996 0 79 49 ;
in:183 out:183 type:P dur:2 cpbdur:2 q:20,95 aq:18,70 tex:501507 mv:46468 misc:3977 imb:28 pmb:4938 smb:3194 d:- ref:1009 0 55 16 ;
in:184 out:184 type:P dur:2 cpbdur:2 q:20,81 aq:18,33 tex:511628 mv:54342 misc:3486 imb:35 pmb:5177 smb:2948 d:- ref:684 4 75 29 ;
in:185 out:185 type:P dur:2 cpbdur:2 q:21,16 aq:18,87 tex:396697 mv:45523 misc:4316 imb:16 pmb:4877 smb:3267 d:- ref:517 4 28 15 ;
in:186 out:186 type:P dur:2 cpbdur:2 q:21,02 aq:18,79 tex:535248 mv:60267 misc:3381 imb:41 pmb:5226 smb:2893 d:- ref:743 16 77 52 ;
in:187 out:187 type:P dur:2 cpbdur:2 q:21,06 aq:18,72 tex:451890 mv:49391 misc:3903 imb:14 pmb:5023 smb:3123 d:- ref:546 0 38 32 ;
in:188 out:188 type:P dur:2 cpbdur:2 q:21,10 aq:19,34 tex:553678 mv:70751 misc:1355 imb:63 pmb:5804 smb:2293 d:- ref:728 4 32 12 ;
in:189 out:189 type:P dur:2 cpbdur:2 q:20,98 aq:18,56 tex:522162 mv:45666 misc:3940 imb:40 pmb:5049 smb:3071 d:- ref:791 4 85 24 ;
in:190 out:190 type:P dur:2 cpbdur:2 q:20,81 aq:18,33 tex:567877 mv:53314 misc:1161 imb:40 pmb:5874 smb:2246 d:- ref:620 0 72 32 ;
in:191 out:191 type:P dur:2 cpbdur:2 q:20,62 aq:18,21 tex:633758 mv:47983 misc:3723 imb:40 pmb:4950 smb:3170 d:- ref:691 4 41 28 ;
in:192 out:192 type:P dur:2 cpbdur:2 q:20,67 aq:18,24 tex:564641 mv:46881 misc:3574 imb:55 pmb:5058 smb:3047 d:- ref:733 20 38 33 ;
in:193 out:193 type:P dur:2 cpbdur:2 q:20,98 aq:18,50 tex:516760 mv:55121 misc:3551 imb:42 pmb:5152 smb:2966 d:- ref:1044 8 72 32 ;
in:194 out:194 type:P dur:2 cpbdur:2 q:21,06 aq:18,74 tex:452746 mv:54353 misc:2581 imb:919 pmb:5989 smb:1252 d:- ref:1054 0 4 4 14 w:0,1,-1 ;
in:195 out:195 type:P dur:2 cpbdur:2 q:21,14 aq:18,73 tex:406850 mv:46249 misc:5701 imb:740 pmb:5024 smb:2396 d:- ref:539 0 105 12 ;
in:196 out:196 type:P dur:2 cpbdur:2 q:20,89 aq:18,92 tex:416783 mv:46817 misc:5080 imb:188 pmb:4839 smb:3133 d:- ref:678 0 34 16 ;
in:197 out:197 type:P dur:2 cpbdur:2 q:20,70 aq:18,73 tex:628476 mv:72669 misc:1727 imb:227 pmb:5794 smb:2139 d:- ref:976 0 44 4 ;
in:198 out:198 type:P dur:2 cpbdur:2 q:20,28 aq:18,55 tex:499292 mv:42019 misc:5065 imb:164 pmb:4759 smb:3237 d:- ref:587 8 53 4 ;
in:199 out:199 type:P dur:2 cpbdur:2 q:19,76 aq:19,11 tex:495150 mv:48618 misc:1176 imb:29 pmb:5873 smb:2258 d:- ref:718 8 50 36 ;
